<?xml version="1.0" encoding="UTF-8"?>
<!-- Generated by org.testng.reporters.JUnitReportReporter -->
<testsuite hostname="DESKTOP-C4LC40M" failures="0" tests="1" name="TestLayer.LoginPageTest" time="0.882" errors="0" timestamp="2023-07-08T12:55:07 IST" skipped="0">
  <testcase classname="TestLayer.LoginPageTest" name="validateLoginFunctionality" time="0.882"/>
  <system-out/>
</testsuite> <!-- TestLayer.LoginPageTest -->
