<?xml version="1.0" encoding="UTF-8"?>
<!-- Generated by org.testng.reporters.JUnitReportReporter -->
<testsuite hostname="DESKTOP-C4LC40M" failures="0" tests="5" name="TestLayer.HomePageTest" time="3.752" errors="0" timestamp="2023-07-08T12:55:07 IST" skipped="0">
  <testcase classname="TestLayer.HomePageTest" name="validateHomePageTitle" time="0.032"/>
  <system-out/>
  <testcase classname="TestLayer.HomePageTest" name="validateHomePageUrl" time="0.025"/>
  <system-out/>
  <testcase classname="TestLayer.HomePageTest" name="validateHomePageLogo" time="2.508"/>
  <system-out/>
  <testcase classname="TestLayer.HomePageTest" name="validateContactLink" time="0.479"/>
  <system-out/>
  <testcase classname="TestLayer.HomePageTest" name="validateDealsLink" time="0.708"/>
  <system-out/>
</testsuite> <!-- TestLayer.HomePageTest -->
